Flowtool
Copyright 2025 Cadence Design Systems Inc.  All rights reserved worldwide

Command:   -reset -verbose
Directory: /nethome/mbowlby3/vlsi/Physical-Design-Onboarding-Project/RTL2GDS_tutorial/design/scripts
Script:    run_flow.tcl
Version:   25.10-b003_1, built 03/20/2025 14:55 PDT
Date:      Mon Sep 15 22:58:42 2025

ERROR: ERROR: read_flow filename not found: /nethome/mbowlby3/vlsi/Physical-Design-Onboarding-Project/RTL2GDS_tutorial/design/scripts/run_flow.tcl
    while executing
"error "ERROR: read_flow filename not found: $file""
    (procedure "::flowkit::generic.read_flow" line 19)
    invoked from within
"::flowkit::generic.read_flow $debug $no_check $script_files"
    (procedure "parse_argv" line 502)
    invoked from within
"parse_argv $argv"
    (procedure "main" line 28)
    invoked from within
"main {*}$args"
Flow failed
